\BOOKMARK [0][-]{chapter.1}{\376\377\000E\000i\000n\000l\000e\000i\000t\000u\000n\000g}{}% 1
\BOOKMARK [1][-]{section.1.1}{\376\377\000M\000o\000t\000i\000v\000a\000t\000i\000o\000n}{chapter.1}% 2
\BOOKMARK [1][-]{section.1.2}{\376\377\000Z\000i\000e\000l\000s\000e\000t\000z\000u\000n\000g}{chapter.1}% 3
\BOOKMARK [1][-]{section.1.3}{\376\377\000A\000u\000f\000b\000a\000u\000\040\000d\000e\000r\000\040\000A\000r\000b\000e\000i\000t}{chapter.1}% 4
\BOOKMARK [0][-]{chapter.2}{\376\377\000G\000r\000u\000n\000d\000l\000a\000g\000e\000n}{}% 5
\BOOKMARK [1][-]{section.2.1}{\376\377\000P\000r\000o\000z\000e\000d\000u\000r\000a\000l\000e\000\040\000M\000o\000d\000e\000l\000l\000i\000e\000r\000u\000n\000g}{chapter.2}% 6
\BOOKMARK [1][-]{section.2.2}{\376\377\000D\000i\000s\000p\000l\000a\000c\000e\000m\000e\000n\000t\000\040\000M\000a\000p\000p\000i\000n\000g}{chapter.2}% 7
\BOOKMARK [1][-]{section.2.3}{\376\377\000P\000u\000n\000k\000t\000\040\000i\000n\000\040\000P\000o\000l\000y\000g\000o\000n\000\040\000-\000\040\000A\000l\000g\000o\000r\000i\000t\000h\000m\000u\000s}{chapter.2}% 8
\BOOKMARK [1][-]{section.2.4}{\376\377\000M\000a\000r\000c\000h\000i\000n\000g\000\040\000C\000u\000b\000e\000s\000\040\000-\000\040\000A\000l\000g\000o\000r\000i\000t\000h\000m\000u\000s}{chapter.2}% 9
\BOOKMARK [2][-]{subsection.2.4.1}{\376\377\000B\000e\000d\000e\000u\000t\000u\000n\000g}{section.2.4}% 10
\BOOKMARK [2][-]{subsection.2.4.2}{\376\377\000F\000u\000n\000k\000t\000i\000o\000n\000s\000w\000e\000i\000s\000e}{section.2.4}% 11
\BOOKMARK [0][-]{chapter.3}{\376\377\000U\000m\000s\000e\000t\000z\000u\000n\000g}{}% 12
\BOOKMARK [1][-]{section.3.1}{\376\377\000A\000n\000s\000\344\000t\000z\000e}{chapter.3}% 13
\BOOKMARK [2][-]{subsection.3.1.1}{\376\377\000S\000n\000o\000w\000-\000M\000a\000p}{section.3.1}% 14
\BOOKMARK [2][-]{subsection.3.1.2}{\376\377\000V\000o\000x\000e\000l\000r\000e\000p\000r\000\344\000s\000e\000n\000t\000a\000t\000i\000o\000n}{section.3.1}% 15
\BOOKMARK [1][-]{section.3.2}{\376\377\000S\000z\000e\000n\000e\000\040\000a\000u\000s\000l\000e\000s\000e\000n}{chapter.3}% 16
\BOOKMARK [2][-]{subsection.3.2.1}{\376\377\000W\000a\000v\000e\000f\000r\000o\000n\000t\000-\000D\000a\000t\000e\000i\000f\000o\000r\000m\000a\000t}{section.3.2}% 17
\BOOKMARK [2][-]{subsection.3.2.2}{\376\377\000P\000a\000r\000s\000e\000r}{section.3.2}% 18
\BOOKMARK [1][-]{section.3.3}{\376\377\000S\000z\000e\000n\000e\000\040\000m\000i\000t\000\040\000V\000o\000x\000e\000l\000n\000\040\000f\000\374\000l\000l\000e\000n}{chapter.3}% 19
\BOOKMARK [1][-]{section.3.4}{\376\377\000V\000o\000x\000e\000l\000\040\000i\000n\000\040\000O\000b\000j\000e\000k\000t\000\040\000-\000\040\000A\000l\000g\000o\000r\000i\000t\000h\000m\000u\000s}{chapter.3}% 20
\BOOKMARK [2][-]{subsection.3.4.1}{\376\377\000A\000k\000t\000i\000v\000e\000\040\000F\000a\000c\000e\000s\000\040\000b\000e\000r\000e\000c\000h\000n\000e\000n}{section.3.4}% 21
\BOOKMARK [2][-]{subsection.3.4.2}{\376\377\000S\000c\000h\000n\000i\000t\000t\000k\000a\000n\000t\000e\000n\000\040\000d\000e\000r\000\040\000F\000a\000c\000e\000s\000\040\000m\000i\000t\000\040\000d\000e\000r\000\040\000E\000b\000e\000n\000e\000\040\000b\000e\000s\000t\000i\000m\000m\000e\000n}{section.3.4}% 22
\BOOKMARK [2][-]{subsection.3.4.3}{\376\377\000P\000u\000n\000k\000t\000\040\000i\000n\000\040\000P\000o\000l\000g\000o\000n\000\040\000-\000\040\000A\000l\000g\000o\000r\000i\000t\000h\000m\000u\000s\000\040\000a\000n\000w\000e\000n\000d\000e\000n}{section.3.4}% 23
\BOOKMARK [1][-]{section.3.5}{\376\377\000M\000a\000r\000c\000h\000i\000n\000g\000\040\000C\000u\000b\000e\000s\000\040\000-\000\040\000A\000l\000g\000o\000r\000i\000t\000h\000m\000u\000s}{chapter.3}% 24
\BOOKMARK [2][-]{subsection.3.5.1}{\376\377\000I\000m\000a\000g\000i\000n\000\344\000r\000e\000n\000\040\000C\000u\000b\000e\000\040\000e\000r\000s\000t\000e\000l\000l\000e\000n}{section.3.5}% 25
\BOOKMARK [2][-]{subsection.3.5.2}{\376\377\000S\000c\000h\000n\000i\000t\000t\000k\000a\000n\000t\000e\000n\000\040\000m\000i\000t\000\040\000d\000e\000r\000\040\000E\000b\000e\000n\000e\000\040\000b\000e\000s\000t\000i\000m\000m\000e\000n}{section.3.5}% 26
\BOOKMARK [2][-]{subsection.3.5.3}{\376\377\000T\000r\000i\000a\000n\000g\000l\000e\000L\000o\000o\000k\000u\000p\000T\000a\000b\000l\000e}{section.3.5}% 27
\BOOKMARK [2][-]{subsection.3.5.4}{\376\377\000E\000r\000g\000e\000b\000n\000i\000s}{section.3.5}% 28
\BOOKMARK [1][-]{section.3.6}{\376\377\000S\000c\000h\000n\000e\000e\000d\000e\000c\000k\000e}{chapter.3}% 29
\BOOKMARK [2][-]{subsection.3.6.1}{\376\377\000S\000c\000h\000n\000e\000e\000\040\000v\000o\000n\000\040\000o\000b\000e\000n}{section.3.6}% 30
\BOOKMARK [2][-]{subsection.3.6.2}{\376\377\000S\000c\000h\000n\000e\000e\000\040\000v\000o\000n\000\040\000d\000e\000r\000\040\000S\000e\000i\000t\000e}{section.3.6}% 31
\BOOKMARK [2][-]{subsection.3.6.3}{\376\377\000S\000c\000h\000n\000e\000e\000s\000t\000a\000b\000i\000l\000i\000t\000\344\000t}{section.3.6}% 32
\BOOKMARK [0][-]{chapter.4}{\376\377\000R\000e\000f\000l\000e\000x\000i\000o\000n}{}% 33
\BOOKMARK [1][-]{section.4.1}{\376\377\000Z\000u\000s\000a\000m\000m\000e\000n\000f\000a\000s\000s\000u\000n\000g}{chapter.4}% 34
\BOOKMARK [1][-]{section.4.2}{\376\377\000F\000a\000z\000i\000t\000\040\000u\000n\000d\000\040\000A\000u\000s\000b\000l\000i\000c\000k}{chapter.4}% 35
